{
  "RSpec": {
    "coverage": {
      "/Users/Guest/Desktop/book-store/spec/requests/authors/delete_author_spec.rb": [
        1,
        null,
        1,
        1,
        1,
        1,
        1,
        null,
        1,
        1,
        null,
        null,
        null,
        1,
        1,
        1,
        null,
        1,
        1,
        null,
        null,
        null
      ],
      "/Users/Guest/Desktop/book-store/config/environment.rb": [
        null,
        1,
        null,
        null,
        1
      ],
      "/Users/Guest/Desktop/book-store/config/application.rb": [
        1,
        null,
        1,
        null,
        1,
        1,
        1,
        1,
        1,
        1,
        1,
        1,
        null,
        null,
        null,
        null,
        null,
        1,
        null,
        1,
        1,
        null,
        1,
        null,
        null,
        null,
        null,
        null,
        null,
        null,
        null,
        null,
        1,
        null,
        null
      ],
      "/Users/Guest/Desktop/book-store/config/boot.rb": [
        1,
        null,
        1,
        1
      ],
      "/Users/Guest/Desktop/book-store/config/environments/test.rb": [
        1,
        null,
        null,
        null,
        null,
        null,
        null,
        1,
        null,
        null,
        null,
        null,
        1,
        null,
        null,
        1,
        1,
        null,
        null,
        null,
        null,
        1,
        1,
        null,
        null,
        1,
        null,
        null,
        1,
        null,
        null,
        1,
        null,
        1,
        null,
        null,
        null,
        null,
        1,
        null,
        null,
        1,
        null,
        null,
        null,
        null
      ],
      "/Users/Guest/Desktop/book-store/config/initializers/application_controller_renderer.rb": [
        null,
        null,
        null,
        null,
        null,
        null,
        null,
        null
      ],
      "/Users/Guest/Desktop/book-store/config/initializers/backtrace_silencers.rb": [
        null,
        null,
        null,
        null,
        null,
        null,
        null
      ],
      "/Users/Guest/Desktop/book-store/config/initializers/cors.rb": [
        null,
        null,
        null,
        null,
        null,
        null,
        null,
        null,
        null,
        null,
        null,
        null,
        null,
        null,
        null,
        null
      ],
      "/Users/Guest/Desktop/book-store/config/initializers/filter_parameter_logging.rb": [
        null,
        null,
        null,
        1
      ],
      "/Users/Guest/Desktop/book-store/config/initializers/inflections.rb": [
        null,
        null,
        null,
        null,
        null,
        null,
        null,
        null,
        null,
        null,
        null,
        null,
        null,
        null,
        null,
        null
      ],
      "/Users/Guest/Desktop/book-store/config/initializers/mime_types.rb": [
        null,
        null,
        null,
        null
      ],
      "/Users/Guest/Desktop/book-store/config/initializers/wrap_parameters.rb": [
        null,
        null,
        null,
        null,
        null,
        null,
        1,
        2,
        null,
        null,
        null,
        null,
        null,
        null
      ],
      "/Users/Guest/Desktop/book-store/config/routes.rb": [
        1,
        1,
        1,
        null,
        null
      ],
      "/Users/Guest/Desktop/book-store/spec/requests/authors/get_author_spec.rb": [
        1,
        null,
        1,
        1,
        1,
        1,
        1,
        null,
        1,
        1,
        null,
        null,
        null,
        1,
        1,
        1,
        null,
        1,
        1,
        null,
        null,
        null
      ],
      "/Users/Guest/Desktop/book-store/spec/requests/authors/get_authors_spec.rb": [
        1,
        null,
        1,
        1,
        1,
        null,
        1,
        1,
        null,
        null
      ],
      "/Users/Guest/Desktop/book-store/spec/requests/authors/post_authors_spec.rb": [
        1,
        null,
        1,
        1,
        1,
        1,
        null,
        1,
        1,
        null,
        null,
        null,
        1,
        1,
        1,
        null,
        1,
        null,
        null,
        null
      ],
      "/Users/Guest/Desktop/book-store/spec/requests/authors/put_authors_spec.rb": [
        1,
        null,
        1,
        1,
        1,
        1,
        1,
        null,
        1,
        1,
        null,
        null,
        1,
        1,
        1,
        null,
        1,
        1,
        null,
        null,
        1,
        1,
        1,
        null,
        1,
        1,
        null,
        null,
        null
      ],
      "/Users/Guest/Desktop/book-store/db/seeds.rb": [
        1,
        1,
        1,
        1,
        1,
        1,
        1,
        null,
        null,
        1,
        1,
        1,
        null,
        1,
        5,
        null,
        5,
        null,
        null,
        null,
        1,
        null,
        null,
        1,
        1,
        15,
        null,
        null,
        null,
        null,
        null,
        null,
        1,
        null,
        null,
        null,
        1
      ],
      "/Users/Guest/Desktop/book-store/app/models/author.rb": [
        1,
        1,
        null,
        1,
        1,
        null,
        16,
        null
      ],
      "/Users/Guest/Desktop/book-store/app/models/application_record.rb": [
        1,
        1,
        null
      ],
      "/Users/Guest/Desktop/book-store/app/models/book.rb": [
        1,
        1,
        null
      ],
      "/Users/Guest/Desktop/book-store/app/controllers/authors_controller.rb": [
        1,
        1,
        1,
        1,
        null,
        null,
        1,
        2,
        1,
        null,
        null,
        1,
        2,
        1,
        null,
        null,
        1,
        3,
        2,
        1,
        null,
        null,
        null,
        null,
        null,
        1,
        2,
        1,
        1,
        null,
        null,
        null,
        null,
        null,
        1,
        1,
        4,
        null,
        null
      ],
      "/Users/Guest/Desktop/book-store/app/controllers/application_controller.rb": [
        1,
        1,
        null,
        1,
        3,
        null,
        null,
        1,
        2,
        null,
        null
      ],
      "/Users/Guest/Desktop/book-store/app/controllers/concerns/response.rb": [
        1,
        1,
        8,
        null,
        null
      ]
    },
    "timestamp": 1580411681
  }
}
